[2022-10-24 17:00:12] production.ERROR: ErrorException: file_exists() expects exactly 1 parameter, 0 given in phar:///home/izaz-khan/test-task/builds/xmlparser/app/Helpers/CustomCommandValidator.php:66
Stack trace:
#0 [internal function]: Illuminate\Foundation\Bootstrap\HandleExceptions->handleError()
#1 phar:///home/izaz-khan/test-task/builds/xmlparser/app/Helpers/CustomCommandValidator.php(66): file_exists()
#2 phar:///home/izaz-khan/test-task/builds/xmlparser/app/Commands/XmlToSheet.php(49): App\Helpers\CustomCommandValidator::validateXmlSaveCommandOptions()
#3 phar:///home/izaz-khan/test-task/builds/xmlparser/vendor/laravel/framework/src/Illuminate/Container/BoundMethod.php(36): App\Commands\XmlToSheet->handle()
#4 phar:///home/izaz-khan/test-task/builds/xmlparser/vendor/laravel/framework/src/Illuminate/Container/Util.php(40): Illuminate\Container\BoundMethod::Illuminate\Container\{closure}()
#5 phar:///home/izaz-khan/test-task/builds/xmlparser/vendor/laravel/framework/src/Illuminate/Container/BoundMethod.php(93): Illuminate\Container\Util::unwrapIfClosure()
#6 phar:///home/izaz-khan/test-task/builds/xmlparser/vendor/laravel/framework/src/Illuminate/Container/BoundMethod.php(37): Illuminate\Container\BoundMethod::callBoundMethod()
#7 phar:///home/izaz-khan/test-task/builds/xmlparser/vendor/laravel/framework/src/Illuminate/Container/Container.php(653): Illuminate\Container\BoundMethod::call()
#8 phar:///home/izaz-khan/test-task/builds/xmlparser/vendor/laravel/framework/src/Illuminate/Console/Command.php(136): Illuminate\Container\Container->call()
#9 phar:///home/izaz-khan/test-task/builds/xmlparser/vendor/symfony/console/Command/Command.php(298): Illuminate\Console\Command->execute()
#10 phar:///home/izaz-khan/test-task/builds/xmlparser/vendor/laravel/framework/src/Illuminate/Console/Command.php(121): Symfony\Component\Console\Command\Command->run()
#11 phar:///home/izaz-khan/test-task/builds/xmlparser/vendor/symfony/console/Application.php(1028): Illuminate\Console\Command->run()
#12 phar:///home/izaz-khan/test-task/builds/xmlparser/vendor/symfony/console/Application.php(299): Symfony\Component\Console\Application->doRunCommand()
#13 phar:///home/izaz-khan/test-task/builds/xmlparser/vendor/symfony/console/Application.php(171): Symfony\Component\Console\Application->doRun()
#14 phar:///home/izaz-khan/test-task/builds/xmlparser/vendor/laravel/framework/src/Illuminate/Console/Application.php(94): Symfony\Component\Console\Application->run()
#15 phar:///home/izaz-khan/test-task/builds/xmlparser/vendor/laravel-zero/foundation/src/Illuminate/Foundation/Console/Kernel.php(129): Illuminate\Console\Application->run()
#16 phar:///home/izaz-khan/test-task/builds/xmlparser/vendor/laravel-zero/framework/src/Kernel.php(91): Illuminate\Foundation\Console\Kernel->handle()
#17 phar:///home/izaz-khan/test-task/builds/xmlparser/xmlparser(36): LaravelZero\Framework\Kernel->handle()
#18 /home/izaz-khan/test-task/builds/xmlparser(14): require('phar:///home/iz...')
#19 {main}  
[2022-10-24 17:01:33] production.ERROR: ErrorException: Undefined variable: configPath in phar:///home/izaz-khan/test-task/builds/xmlparser/app/Services/StorageMediums/GoogleSheet/Service.php:31
Stack trace:
#0 phar:///home/izaz-khan/test-task/builds/xmlparser/app/Services/StorageMediums/GoogleSheet/Service.php(31): Illuminate\Foundation\Bootstrap\HandleExceptions->handleError()
#1 phar:///home/izaz-khan/test-task/builds/xmlparser/app/Services/StorageMedium.php(18): App\Services\StorageMediums\GoogleSheet\Service->initialize()
#2 phar:///home/izaz-khan/test-task/builds/xmlparser/app/Commands/XmlToSheet.php(122): App\Services\StorageMedium->initialize()
#3 phar:///home/izaz-khan/test-task/builds/xmlparser/vendor/laravel/framework/src/Illuminate/Container/BoundMethod.php(36): App\Commands\XmlToSheet->handle()
#4 phar:///home/izaz-khan/test-task/builds/xmlparser/vendor/laravel/framework/src/Illuminate/Container/Util.php(40): Illuminate\Container\BoundMethod::Illuminate\Container\{closure}()
#5 phar:///home/izaz-khan/test-task/builds/xmlparser/vendor/laravel/framework/src/Illuminate/Container/BoundMethod.php(93): Illuminate\Container\Util::unwrapIfClosure()
#6 phar:///home/izaz-khan/test-task/builds/xmlparser/vendor/laravel/framework/src/Illuminate/Container/BoundMethod.php(37): Illuminate\Container\BoundMethod::callBoundMethod()
#7 phar:///home/izaz-khan/test-task/builds/xmlparser/vendor/laravel/framework/src/Illuminate/Container/Container.php(653): Illuminate\Container\BoundMethod::call()
#8 phar:///home/izaz-khan/test-task/builds/xmlparser/vendor/laravel/framework/src/Illuminate/Console/Command.php(136): Illuminate\Container\Container->call()
#9 phar:///home/izaz-khan/test-task/builds/xmlparser/vendor/symfony/console/Command/Command.php(298): Illuminate\Console\Command->execute()
#10 phar:///home/izaz-khan/test-task/builds/xmlparser/vendor/laravel/framework/src/Illuminate/Console/Command.php(121): Symfony\Component\Console\Command\Command->run()
#11 phar:///home/izaz-khan/test-task/builds/xmlparser/vendor/symfony/console/Application.php(1028): Illuminate\Console\Command->run()
#12 phar:///home/izaz-khan/test-task/builds/xmlparser/vendor/symfony/console/Application.php(299): Symfony\Component\Console\Application->doRunCommand()
#13 phar:///home/izaz-khan/test-task/builds/xmlparser/vendor/symfony/console/Application.php(171): Symfony\Component\Console\Application->doRun()
#14 phar:///home/izaz-khan/test-task/builds/xmlparser/vendor/laravel/framework/src/Illuminate/Console/Application.php(94): Symfony\Component\Console\Application->run()
#15 phar:///home/izaz-khan/test-task/builds/xmlparser/vendor/laravel-zero/foundation/src/Illuminate/Foundation/Console/Kernel.php(129): Illuminate\Console\Application->run()
#16 phar:///home/izaz-khan/test-task/builds/xmlparser/vendor/laravel-zero/framework/src/Kernel.php(91): Illuminate\Foundation\Console\Kernel->handle()
#17 phar:///home/izaz-khan/test-task/builds/xmlparser/xmlparser(36): LaravelZero\Framework\Kernel->handle()
#18 /home/izaz-khan/test-task/builds/xmlparser(14): require('phar:///home/iz...')
#19 {main}  
